<?xml version="1.0" encoding="utf-8" standalone="no"?>
<!--This file represents the results of running a test suite-->
<test-results name="D:\workspace\DotNET\WebCITest\Bin\Debug\WebCITest.dll" total="2" errors="0" failures="0" not-run="0" inconclusive="0" ignored="0" skipped="0" invalid="0" date="2015-08-11" time="17:41:58">
  <environment nunit-version="2.6.4.14350" clr-version="2.0.50727.5485" os-version="Microsoft Windows NT 6.1.7601 Service Pack 1" platform="Win32NT" cwd="D:\workspace\DotNET\WebCITest" machine-name="14003241STEVEN" user="1400324" user-domain="SYSTEX" />
  <culture-info current-culture="zh-TW" current-uiculture="zh-TW" />
  <test-suite type="Assembly" name="D:\workspace\DotNET\WebCITest\Bin\Debug\WebCITest.dll" executed="True" result="Success" success="True" time="0.051" asserts="0">
    <results>
      <test-suite type="TestFixture" name="HelloWorldTest" executed="True" result="Success" success="True" time="0.036" asserts="0">
        <results>
          <test-case name="HelloWorldTest.testGoodBye" executed="True" result="Success" success="True" time="0.022" asserts="1" />
          <test-case name="HelloWorldTest.testHi" executed="True" result="Success" success="True" time="0.000" asserts="1" />
        </results>
      </test-suite>
    </results>
  </test-suite>
</test-results>